Using pre-set license
Built from '2021.3/staging' branch; Version is '2021.3.6f1 (7da38d85baf6) revision 8233869'; Using compiler version '192829333'; Build Type 'Release'
OS: 'Windows 11  (10.0.22000) 64bit Education' Language: 'es' Physical Memory: 15789 MB
BatchMode: 1, IsHumanControllingUs: 0, StartBugReporterOnCrash: 0, Is64bit: 1, IsPro: 1

COMMAND LINE ARGUMENTS:
C:\Program Files\Unity\Hub\Editor\2021.3.6f1\Editor\Unity.exe
-adb2
-batchMode
-noUpm
-name
AssetImportWorker0
-projectPath
C:/Users/Adria/Documents/GitHub/AdsPackage/AdsPackage
-logFile
Logs/AssetImportWorker0.log
-srvPort
11242
Successfully changed project path to: C:/Users/Adria/Documents/GitHub/AdsPackage/AdsPackage
C:/Users/Adria/Documents/GitHub/AdsPackage/AdsPackage
[UnityMemory] Configuration Parameters - Can be set up in boot.config
    "memorysetup-bucket-allocator-granularity=16"
    "memorysetup-bucket-allocator-bucket-count=8"
    "memorysetup-bucket-allocator-block-size=33554432"
    "memorysetup-bucket-allocator-block-count=8"
    "memorysetup-main-allocator-block-size=16777216"
    "memorysetup-thread-allocator-block-size=16777216"
    "memorysetup-gfx-main-allocator-block-size=16777216"
    "memorysetup-gfx-thread-allocator-block-size=16777216"
    "memorysetup-cache-allocator-block-size=4194304"
    "memorysetup-typetree-allocator-block-size=2097152"
    "memorysetup-profiler-bucket-allocator-granularity=16"
    "memorysetup-profiler-bucket-allocator-bucket-count=8"
    "memorysetup-profiler-bucket-allocator-block-size=33554432"
    "memorysetup-profiler-bucket-allocator-block-count=8"
    "memorysetup-profiler-allocator-block-size=16777216"
    "memorysetup-profiler-editor-allocator-block-size=1048576"
    "memorysetup-temp-allocator-size-main=16777216"
    "memorysetup-job-temp-allocator-block-size=2097152"
    "memorysetup-job-temp-allocator-block-size-background=1048576"
    "memorysetup-job-temp-allocator-reduction-small-platforms=262144"
    "memorysetup-temp-allocator-size-background-worker=32768"
    "memorysetup-temp-allocator-size-job-worker=262144"
    "memorysetup-temp-allocator-size-preload-manager=33554432"
    "memorysetup-temp-allocator-size-nav-mesh-worker=65536"
    "memorysetup-temp-allocator-size-audio-worker=65536"
    "memorysetup-temp-allocator-size-cloud-worker=32768"
    "memorysetup-temp-allocator-size-gi-baking-worker=262144"
    "memorysetup-temp-allocator-size-gfx=262144"
Refreshing native plugins compatible for Editor in 242.84 ms, found 4 plugins.
Preloading 0 native plugins for Editor in 0.00 ms.
Initialize engine version: 2021.3.6f1 (7da38d85baf6)
[Subsystems] Discovering subsystems at path C:/Program Files/Unity/Hub/Editor/2021.3.6f1/Editor/Data/Resources/UnitySubsystems
[Subsystems] Discovering subsystems at path C:/Users/Adria/Documents/GitHub/AdsPackage/AdsPackage/Assets
GfxDevice: creating device client; threaded=0; jobified=0
Direct3D:
    Version:  Direct3D 11.0 [level 11.1]
    Renderer: NVIDIA GeForce RTX 2060 with Max-Q Design (ID=0x1f12)
    Vendor:   NVIDIA
    VRAM:     5980 MB
    Driver:   31.0.15.1694
Initialize mono
Mono path[0] = 'C:/Program Files/Unity/Hub/Editor/2021.3.6f1/Editor/Data/Managed'
Mono path[1] = 'C:/Program Files/Unity/Hub/Editor/2021.3.6f1/Editor/Data/MonoBleedingEdge/lib/mono/unityjit-win32'
Mono config path = 'C:/Program Files/Unity/Hub/Editor/2021.3.6f1/Editor/Data/MonoBleedingEdge/etc'
Using monoOptions --debugger-agent=transport=dt_socket,embedding=1,server=y,suspend=n,address=127.0.0.1:56744
Begin MonoManager ReloadAssembly
Registering precompiled unity dll's ...
Register platform support module: C:/Program Files/Unity/Hub/Editor/2021.3.6f1/Editor/Data/PlaybackEngines/AndroidPlayer/UnityEditor.Android.Extensions.dll
Register platform support module: C:/Program Files/Unity/Hub/Editor/2021.3.6f1/Editor/Data/PlaybackEngines/iOSSupport/UnityEditor.iOS.Extensions.dll
Register platform support module: C:/Program Files/Unity/Hub/Editor/2021.3.6f1/Editor/Data/PlaybackEngines/WindowsStandaloneSupport/UnityEditor.WindowsStandalone.Extensions.dll
Registered in 0.010549 seconds.
Native extension for WindowsStandalone target not found
[usbmuxd] Start listen thread
[usbmuxd] Listen thread started
Native extension for iOS target not found
Native extension for Android target not found
Refreshing native plugins compatible for Editor in 220.74 ms, found 4 plugins.
Preloading 0 native plugins for Editor in 0.00 ms.
Mono: successfully reloaded assembly
- Completed reload, in  1.492 seconds
Domain Reload Profiling:
	ReloadAssembly (1493ms)
		BeginReloadAssembly (147ms)
			ExecutionOrderSort (0ms)
			DisableScriptedObjects (0ms)
			BackupInstance (0ms)
			ReleaseScriptingObjects (0ms)
			CreateAndSetChildDomain (2ms)
		EndReloadAssembly (1112ms)
			LoadAssemblies (144ms)
			RebuildTransferFunctionScriptingTraits (0ms)
			SetupTypeCache (219ms)
			ReleaseScriptCaches (0ms)
			RebuildScriptCaches (70ms)
			SetupLoadedEditorAssemblies (706ms)
				LogAssemblyErrors (0ms)
				InitializePlatformSupportModulesInManaged (138ms)
				SetLoadedEditorAssemblies (1ms)
				RefreshPlugins (221ms)
				BeforeProcessingInitializeOnLoad (3ms)
				ProcessInitializeOnLoadAttributes (234ms)
				ProcessInitializeOnLoadMethodAttributes (109ms)
				AfterProcessingInitializeOnLoad (0ms)
				EditorAssembliesLoaded (0ms)
			ExecutionOrderSort2 (0ms)
			AwakeInstancesAfterBackupRestoration (0ms)
Platform modules already initialized, skipping
Registering precompiled user dll's ...
Registered in 0.018082 seconds.
Begin MonoManager ReloadAssembly
Symbol file LoadedFromMemory doesn't match image C:\Users\Adria\Documents\GitHub\AdsPackage\AdsPackage\Library\PackageCache\com.unity.visualscripting@1.7.8\Editor\VisualScripting.Core\Dependencies\DotNetZip\Unity.VisualScripting.IonicZip.dll
Symbol file LoadedFromMemory doesn't match image C:\Users\Adria\Documents\GitHub\AdsPackage\AdsPackage\Library\PackageCache\com.unity.visualscripting@1.7.8\Editor\VisualScripting.Core\Dependencies\YamlDotNet\Unity.VisualScripting.YamlDotNet.dll
Native extension for WindowsStandalone target not found
Native extension for iOS target not found
Native extension for Android target not found
Refreshing native plugins compatible for Editor in 216.58 ms, found 4 plugins.
Preloading 0 native plugins for Editor in 0.00 ms.
Mono: successfully reloaded assembly
- Completed reload, in  2.833 seconds
Domain Reload Profiling:
	ReloadAssembly (2835ms)
		BeginReloadAssembly (333ms)
			ExecutionOrderSort (0ms)
			DisableScriptedObjects (15ms)
			BackupInstance (0ms)
			ReleaseScriptingObjects (0ms)
			CreateAndSetChildDomain (148ms)
		EndReloadAssembly (2253ms)
			LoadAssemblies (159ms)
			RebuildTransferFunctionScriptingTraits (0ms)
			SetupTypeCache (529ms)
			ReleaseScriptCaches (1ms)
			RebuildScriptCaches (155ms)
			SetupLoadedEditorAssemblies (1270ms)
				LogAssemblyErrors (0ms)
				InitializePlatformSupportModulesInManaged (49ms)
				SetLoadedEditorAssemblies (0ms)
				RefreshPlugins (217ms)
				BeforeProcessingInitializeOnLoad (238ms)
				ProcessInitializeOnLoadAttributes (666ms)
				ProcessInitializeOnLoadMethodAttributes (89ms)
				AfterProcessingInitializeOnLoad (10ms)
				EditorAssembliesLoaded (1ms)
			ExecutionOrderSort2 (0ms)
			AwakeInstancesAfterBackupRestoration (11ms)
Platform modules already initialized, skipping
========================================================================
Worker process is ready to serve import requests
Launched and connected shader compiler UnityShaderCompiler.exe after 0.07 seconds
Refreshing native plugins compatible for Editor in 2.90 ms, found 4 plugins.
Preloading 0 native plugins for Editor in 0.00 ms.
Unloading 4184 Unused Serialized files (Serialized files now loaded: 0)
Unloading 114 unused Assets / (226.3 KB). Loaded Objects now: 4577.
Memory consumption went from 154.6 MB to 154.4 MB.
Total: 9.397800 ms (FindLiveObjects: 0.555200 ms CreateObjectMapping: 0.447500 ms MarkObjects: 8.093400 ms  DeleteObjects: 0.299800 ms)

AssetImportParameters requested are different than current active one (requested -> active):
  custom:video-decoder-ogg-theora: a1e56fd34408186e4bbccfd4996cb3dc -> 
  custom:container-muxer-webm: aa71ff27fc2769a1b78a27578f13a17b -> 
  custom:container-demuxer-webm: 4f35f7cbe854078d1ac9338744f61a02 -> 
  custom:video-encoder-webm-vp8: eb34c28f22e8b96e1ab97ce403110664 -> 
  custom:audio-encoder-webm-vorbis: bf7c407c2cedff20999df2af8eb42d56 -> 
  custom:framework-win-MediaFoundation: 216162199b28c13a410421893ffa2e32 -> 
  custom:container-demuxer-ogg: 62fdf1f143b41e24485cea50d1cbac27 -> 
  custom:video-decoder-webm-vp8: 9c59270c3fd7afecdb556c50c9e8de78 -> 
  custom:audio-decoder-ogg-vorbis: bf7c407c2cedff20999df2af8eb42d56 -> 
========================================================================
Received Import Request.
  Time since last request: 14603.795206 seconds.
  path: Assets/IronSource/Plugins/iOS
  artifactKey: Guid(ee17a3d31e530db409abdf26e046e184) Importer(815301076,1909f56bfc062723c751e8b465ee728b)
Start importing Assets/IronSource/Plugins/iOS using Guid(ee17a3d31e530db409abdf26e046e184) Importer(815301076,1909f56bfc062723c751e8b465ee728b)  -> (artifact id: 'f0696f1a2a83def0285650b06b01dfed') in 0.019094 seconds 
========================================================================
Received Import Request.
  Time since last request: 0.000040 seconds.
  path: Assets/IronSource/Plugins/Android/IronSource.plugin
  artifactKey: Guid(fc68adff6ce724a47b5711d21fa5cc7b) Importer(815301076,1909f56bfc062723c751e8b465ee728b)
Start importing Assets/IronSource/Plugins/Android/IronSource.plugin using Guid(fc68adff6ce724a47b5711d21fa5cc7b) Importer(815301076,1909f56bfc062723c751e8b465ee728b)  -> (artifact id: '428d2faa3bc64b9fb4b4281674f03654') in 0.011722 seconds 
========================================================================
Received Import Request.
  Time since last request: 4.757023 seconds.
  path: Assets/IronSource/Editor/ISAdMobAdapterDependencies.xml
  artifactKey: Guid(200ae25ae6d4fbf4cb1bfbba45f07632) Importer(815301076,1909f56bfc062723c751e8b465ee728b)
Start importing Assets/IronSource/Editor/ISAdMobAdapterDependencies.xml using Guid(200ae25ae6d4fbf4cb1bfbba45f07632) Importer(815301076,1909f56bfc062723c751e8b465ee728b)  -> (artifact id: '2d30ac498a3e241d926b956f5e05281e') in 0.054857 seconds 
========================================================================
Received Import Request.
  Time since last request: 4.071855 seconds.
  path: Assets/IronSource/Editor/IAdapterSettings.cs
  artifactKey: Guid(50c75c1d0593e481bb308d7080514a79) Importer(815301076,1909f56bfc062723c751e8b465ee728b)
Start importing Assets/IronSource/Editor/IAdapterSettings.cs using Guid(50c75c1d0593e481bb308d7080514a79) Importer(815301076,1909f56bfc062723c751e8b465ee728b)  -> (artifact id: '94f0c0584f81923c7c4ea1b03420cc2c') in 0.012570 seconds 
========================================================================
Received Import Request.
  Time since last request: 2.448923 seconds.
  path: Assets/IronSource/Editor/IronSourceBuildPostprocessor.cs
  artifactKey: Guid(d2c4f45342ece4e52b10296092d879e6) Importer(815301076,1909f56bfc062723c751e8b465ee728b)
Start importing Assets/IronSource/Editor/IronSourceBuildPostprocessor.cs using Guid(d2c4f45342ece4e52b10296092d879e6) Importer(815301076,1909f56bfc062723c751e8b465ee728b)  -> (artifact id: 'e09385c3bdd0d2ec4583dd1f6bb4b228') in 0.010813 seconds 
========================================================================
Received Import Request.
  Time since last request: 1.061367 seconds.
  path: Assets/IronSource/Editor/IronSourceDependenciesManager.cs
  artifactKey: Guid(55b9909f6dc104c0f990352ca12ef641) Importer(815301076,1909f56bfc062723c751e8b465ee728b)
Start importing Assets/IronSource/Editor/IronSourceDependenciesManager.cs using Guid(55b9909f6dc104c0f990352ca12ef641) Importer(815301076,1909f56bfc062723c751e8b465ee728b)  -> (artifact id: '6ddfd46769c9b002d129e39c7731d60c') in 0.011953 seconds 
========================================================================
Received Import Request.
  Time since last request: 0.735951 seconds.
  path: Assets/IronSource/Editor/IronSourceDependenciesManagerConstants.cs
  artifactKey: Guid(c85d9064b12ac4d9d84136051d8bab0b) Importer(815301076,1909f56bfc062723c751e8b465ee728b)
Start importing Assets/IronSource/Editor/IronSourceDependenciesManagerConstants.cs using Guid(c85d9064b12ac4d9d84136051d8bab0b) Importer(815301076,1909f56bfc062723c751e8b465ee728b)  -> (artifact id: 'b81ed775ce7071cf458a63bc6b32755b') in 0.010386 seconds 
========================================================================
Received Import Request.
  Time since last request: 0.434966 seconds.
  path: Assets/IronSource/Editor/IronSourceEditorCoroutines.cs
  artifactKey: Guid(fead56c7a775c41658a7bf59bfaeeb7e) Importer(815301076,1909f56bfc062723c751e8b465ee728b)
Start importing Assets/IronSource/Editor/IronSourceEditorCoroutines.cs using Guid(fead56c7a775c41658a7bf59bfaeeb7e) Importer(815301076,1909f56bfc062723c751e8b465ee728b)  -> (artifact id: '9add8ee51bd5198312d69c4addce11ac') in 0.010274 seconds 
========================================================================
Received Import Request.
  Time since last request: 0.803977 seconds.
  path: Assets/IronSource/Editor/IronSourceManifestProcessor.cs
  artifactKey: Guid(0f048c78887f34f13a98108ed308ff4a) Importer(815301076,1909f56bfc062723c751e8b465ee728b)
Start importing Assets/IronSource/Editor/IronSourceManifestProcessor.cs using Guid(0f048c78887f34f13a98108ed308ff4a) Importer(815301076,1909f56bfc062723c751e8b465ee728b)  -> (artifact id: 'bed4440fc3327d71dc94da472a978640') in 0.010598 seconds 
========================================================================
Received Import Request.
  Time since last request: 0.969363 seconds.
  path: Assets/IronSource/Editor/IronSourceMediatedNetworkSettings.cs
  artifactKey: Guid(6dcd730eacb2043e8a6f1c61c16243da) Importer(815301076,1909f56bfc062723c751e8b465ee728b)
Start importing Assets/IronSource/Editor/IronSourceMediatedNetworkSettings.cs using Guid(6dcd730eacb2043e8a6f1c61c16243da) Importer(815301076,1909f56bfc062723c751e8b465ee728b)  -> (artifact id: '5dd57cfb17c328c4588c2b9afca0d392') in 0.010263 seconds 
========================================================================
Received Import Request.
  Time since last request: 2.308508 seconds.
  path: Assets/IronSource/Editor/IronSourceMediatedNetworkSettingsInspector.cs
  artifactKey: Guid(6ddcb1096c420410ead13befae195114) Importer(815301076,1909f56bfc062723c751e8b465ee728b)
Start importing Assets/IronSource/Editor/IronSourceMediatedNetworkSettingsInspector.cs using Guid(6ddcb1096c420410ead13befae195114) Importer(815301076,1909f56bfc062723c751e8b465ee728b)  -> (artifact id: '39f6fc3a657c504b78edbd8cfb7e9346') in 0.011057 seconds 
========================================================================
Received Import Request.
  Time since last request: 0.520618 seconds.
  path: Assets/IronSource/Editor/IronSourceMediationSettingsInspector.cs
  artifactKey: Guid(4a5cecbf374304044822daeaa54c686c) Importer(815301076,1909f56bfc062723c751e8b465ee728b)
Start importing Assets/IronSource/Editor/IronSourceMediationSettingsInspector.cs using Guid(4a5cecbf374304044822daeaa54c686c) Importer(815301076,1909f56bfc062723c751e8b465ee728b)  -> (artifact id: 'd0dfb264a7cee12d0472e072d04dfca5') in 0.010376 seconds 
========================================================================
Received Import Request.
  Time since last request: 0.342517 seconds.
  path: Assets/IronSource/Editor/IronSourceMenu.cs
  artifactKey: Guid(f7558bc40ef0c4377b31885eedc72b3b) Importer(815301076,1909f56bfc062723c751e8b465ee728b)
Start importing Assets/IronSource/Editor/IronSourceMenu.cs using Guid(f7558bc40ef0c4377b31885eedc72b3b) Importer(815301076,1909f56bfc062723c751e8b465ee728b)  -> (artifact id: '9bd8eb4e14bc1afd0a60af627eb1079d') in 0.010051 seconds 
========================================================================
Received Import Request.
  Time since last request: 0.755468 seconds.
  path: Assets/IronSource/Editor/IronSourcePlistProcessor.cs
  artifactKey: Guid(9d368e93cfa3f4f5fbb3bbac7928ec8c) Importer(815301076,1909f56bfc062723c751e8b465ee728b)
Start importing Assets/IronSource/Editor/IronSourcePlistProcessor.cs using Guid(9d368e93cfa3f4f5fbb3bbac7928ec8c) Importer(815301076,1909f56bfc062723c751e8b465ee728b)  -> (artifact id: '17eb5a182bbff6f1562567ea4e34cb3d') in 0.010623 seconds 
========================================================================
Received Import Request.
  Time since last request: 1.400308 seconds.
  path: Assets/IronSource/Editor/IronSourceSDKDependencies.xml
  artifactKey: Guid(f9ab640f687be4c05921de743c6ff2f3) Importer(815301076,1909f56bfc062723c751e8b465ee728b)
Start importing Assets/IronSource/Editor/IronSourceSDKDependencies.xml using Guid(f9ab640f687be4c05921de743c6ff2f3) Importer(815301076,1909f56bfc062723c751e8b465ee728b)  -> (artifact id: '4e379a913f89ba7e40e6b16a65fddcc0') in 0.011079 seconds 
========================================================================
Received Prepare
Registering precompiled user dll's ...
Registered in 0.012576 seconds.
Begin MonoManager ReloadAssembly
Symbol file LoadedFromMemory doesn't match image C:\Users\Adria\Documents\GitHub\AdsPackage\AdsPackage\Library\PackageCache\com.unity.visualscripting@1.7.8\Editor\VisualScripting.Core\Dependencies\DotNetZip\Unity.VisualScripting.IonicZip.dll
Symbol file LoadedFromMemory doesn't match image C:\Users\Adria\Documents\GitHub\AdsPackage\AdsPackage\Library\PackageCache\com.unity.visualscripting@1.7.8\Editor\VisualScripting.Core\Dependencies\YamlDotNet\Unity.VisualScripting.YamlDotNet.dll
Native extension for WindowsStandalone target not found
Native extension for iOS target not found
Native extension for Android target not found
Refreshing native plugins compatible for Editor in 1.92 ms, found 4 plugins.
Preloading 0 native plugins for Editor in 0.00 ms.
Mono: successfully reloaded assembly
- Completed reload, in  2.235 seconds
Domain Reload Profiling:
	ReloadAssembly (2237ms)
		BeginReloadAssembly (251ms)
			ExecutionOrderSort (0ms)
			DisableScriptedObjects (16ms)
			BackupInstance (0ms)
			ReleaseScriptingObjects (0ms)
			CreateAndSetChildDomain (72ms)
		EndReloadAssembly (1777ms)
			LoadAssemblies (169ms)
			RebuildTransferFunctionScriptingTraits (0ms)
			SetupTypeCache (498ms)
			ReleaseScriptCaches (2ms)
			RebuildScriptCaches (108ms)
			SetupLoadedEditorAssemblies (870ms)
				LogAssemblyErrors (0ms)
				InitializePlatformSupportModulesInManaged (70ms)
				SetLoadedEditorAssemblies (1ms)
				RefreshPlugins (2ms)
				BeforeProcessingInitializeOnLoad (192ms)
				ProcessInitializeOnLoadAttributes (509ms)
				ProcessInitializeOnLoadMethodAttributes (85ms)
				AfterProcessingInitializeOnLoad (11ms)
				EditorAssembliesLoaded (0ms)
			ExecutionOrderSort2 (0ms)
			AwakeInstancesAfterBackupRestoration (17ms)
Platform modules already initialized, skipping
Refreshing native plugins compatible for Editor in 7.12 ms, found 4 plugins.
Preloading 0 native plugins for Editor in 0.00 ms.
Unloading 4119 Unused Serialized files (Serialized files now loaded: 0)
Unloading 41 unused Assets / (191.2 KB). Loaded Objects now: 4580.
Memory consumption went from 153.0 MB to 152.8 MB.
Total: 6.451300 ms (FindLiveObjects: 0.544000 ms CreateObjectMapping: 0.291200 ms MarkObjects: 5.373200 ms  DeleteObjects: 0.240600 ms)

AssetImportParameters requested are different than current active one (requested -> active):
  custom:video-decoder-ogg-theora: a1e56fd34408186e4bbccfd4996cb3dc -> 
  custom:container-muxer-webm: aa71ff27fc2769a1b78a27578f13a17b -> 
  custom:container-demuxer-webm: 4f35f7cbe854078d1ac9338744f61a02 -> 
  custom:video-encoder-webm-vp8: eb34c28f22e8b96e1ab97ce403110664 -> 
  custom:audio-encoder-webm-vorbis: bf7c407c2cedff20999df2af8eb42d56 -> 
  custom:framework-win-MediaFoundation: 216162199b28c13a410421893ffa2e32 -> 
  custom:container-demuxer-ogg: 62fdf1f143b41e24485cea50d1cbac27 -> 
  custom:video-decoder-webm-vp8: 9c59270c3fd7afecdb556c50c9e8de78 -> 
  custom:audio-decoder-ogg-vorbis: bf7c407c2cedff20999df2af8eb42d56 -> 
========================================================================
Received Import Request.
  Time since last request: 683.639193 seconds.
  path: Assets
  artifactKey: Guid(00000000000000001000000000000000) Importer(815301076,1909f56bfc062723c751e8b465ee728b)
Start importing Assets using Guid(00000000000000001000000000000000) Importer(815301076,1909f56bfc062723c751e8b465ee728b)  -> (artifact id: '79842766b460edbeab6a34051e857a80') in 0.020001 seconds 
========================================================================
Received Import Request.
  Time since last request: 6.343118 seconds.
  path: Assets/Runtime
  artifactKey: Guid(70113975f60d53049831fb989a9fd8c6) Importer(815301076,1909f56bfc062723c751e8b465ee728b)
Start importing Assets/Runtime using Guid(70113975f60d53049831fb989a9fd8c6) Importer(815301076,1909f56bfc062723c751e8b465ee728b)  -> (artifact id: '133d46695fc48e91d17f570e33170a52') in 0.010160 seconds 
========================================================================
Received Prepare
Registering precompiled user dll's ...
Registered in 0.012358 seconds.
Begin MonoManager ReloadAssembly
Symbol file LoadedFromMemory doesn't match image C:\Users\Adria\Documents\GitHub\AdsPackage\AdsPackage\Library\PackageCache\com.unity.visualscripting@1.7.8\Editor\VisualScripting.Core\Dependencies\DotNetZip\Unity.VisualScripting.IonicZip.dll
Symbol file LoadedFromMemory doesn't match image C:\Users\Adria\Documents\GitHub\AdsPackage\AdsPackage\Library\PackageCache\com.unity.visualscripting@1.7.8\Editor\VisualScripting.Core\Dependencies\YamlDotNet\Unity.VisualScripting.YamlDotNet.dll
Native extension for WindowsStandalone target not found
Native extension for iOS target not found
Native extension for Android target not found
Refreshing native plugins compatible for Editor in 1.42 ms, found 4 plugins.
Preloading 0 native plugins for Editor in 0.00 ms.
Mono: successfully reloaded assembly
- Completed reload, in  2.465 seconds
Domain Reload Profiling:
	ReloadAssembly (2467ms)
		BeginReloadAssembly (275ms)
			ExecutionOrderSort (0ms)
			DisableScriptedObjects (24ms)
			BackupInstance (0ms)
			ReleaseScriptingObjects (0ms)
			CreateAndSetChildDomain (81ms)
		EndReloadAssembly (1947ms)
			LoadAssemblies (174ms)
			RebuildTransferFunctionScriptingTraits (0ms)
			SetupTypeCache (538ms)
			ReleaseScriptCaches (2ms)
			RebuildScriptCaches (118ms)
			SetupLoadedEditorAssemblies (959ms)
				LogAssemblyErrors (0ms)
				InitializePlatformSupportModulesInManaged (76ms)
				SetLoadedEditorAssemblies (1ms)
				RefreshPlugins (2ms)
				BeforeProcessingInitializeOnLoad (208ms)
				ProcessInitializeOnLoadAttributes (556ms)
				ProcessInitializeOnLoadMethodAttributes (104ms)
				AfterProcessingInitializeOnLoad (11ms)
				EditorAssembliesLoaded (0ms)
			ExecutionOrderSort2 (0ms)
			AwakeInstancesAfterBackupRestoration (20ms)
Platform modules already initialized, skipping
Refreshing native plugins compatible for Editor in 5.99 ms, found 4 plugins.
Preloading 0 native plugins for Editor in 0.00 ms.
Unloading 4119 Unused Serialized files (Serialized files now loaded: 0)
Unloading 41 unused Assets / (191.4 KB). Loaded Objects now: 4583.
Memory consumption went from 153.0 MB to 152.8 MB.
Total: 6.677900 ms (FindLiveObjects: 0.452900 ms CreateObjectMapping: 0.230600 ms MarkObjects: 5.741800 ms  DeleteObjects: 0.250400 ms)

AssetImportParameters requested are different than current active one (requested -> active):
  custom:video-decoder-ogg-theora: a1e56fd34408186e4bbccfd4996cb3dc -> 
  custom:container-muxer-webm: aa71ff27fc2769a1b78a27578f13a17b -> 
  custom:container-demuxer-webm: 4f35f7cbe854078d1ac9338744f61a02 -> 
  custom:video-encoder-webm-vp8: eb34c28f22e8b96e1ab97ce403110664 -> 
  custom:audio-encoder-webm-vorbis: bf7c407c2cedff20999df2af8eb42d56 -> 
  custom:framework-win-MediaFoundation: 216162199b28c13a410421893ffa2e32 -> 
  custom:container-demuxer-ogg: 62fdf1f143b41e24485cea50d1cbac27 -> 
  custom:video-decoder-webm-vp8: 9c59270c3fd7afecdb556c50c9e8de78 -> 
  custom:audio-decoder-ogg-vorbis: bf7c407c2cedff20999df2af8eb42d56 -> 
========================================================================
Received Prepare
Registering precompiled user dll's ...
Registered in 0.012637 seconds.
Begin MonoManager ReloadAssembly
Symbol file LoadedFromMemory doesn't match image C:\Users\Adria\Documents\GitHub\AdsPackage\AdsPackage\Library\PackageCache\com.unity.visualscripting@1.7.8\Editor\VisualScripting.Core\Dependencies\DotNetZip\Unity.VisualScripting.IonicZip.dll
Symbol file LoadedFromMemory doesn't match image C:\Users\Adria\Documents\GitHub\AdsPackage\AdsPackage\Library\PackageCache\com.unity.visualscripting@1.7.8\Editor\VisualScripting.Core\Dependencies\YamlDotNet\Unity.VisualScripting.YamlDotNet.dll
Native extension for WindowsStandalone target not found
Native extension for iOS target not found
Native extension for Android target not found
Refreshing native plugins compatible for Editor in 2.18 ms, found 4 plugins.
Preloading 0 native plugins for Editor in 0.00 ms.
Mono: successfully reloaded assembly
- Completed reload, in  2.556 seconds
Domain Reload Profiling:
	ReloadAssembly (2558ms)
		BeginReloadAssembly (294ms)
			ExecutionOrderSort (0ms)
			DisableScriptedObjects (26ms)
			BackupInstance (0ms)
			ReleaseScriptingObjects (0ms)
			CreateAndSetChildDomain (83ms)
		EndReloadAssembly (2039ms)
			LoadAssemblies (195ms)
			RebuildTransferFunctionScriptingTraits (0ms)
			SetupTypeCache (618ms)
			ReleaseScriptCaches (3ms)
			RebuildScriptCaches (111ms)
			SetupLoadedEditorAssemblies (967ms)
				LogAssemblyErrors (0ms)
				InitializePlatformSupportModulesInManaged (77ms)
				SetLoadedEditorAssemblies (2ms)
				RefreshPlugins (2ms)
				BeforeProcessingInitializeOnLoad (195ms)
				ProcessInitializeOnLoadAttributes (583ms)
				ProcessInitializeOnLoadMethodAttributes (96ms)
				AfterProcessingInitializeOnLoad (12ms)
				EditorAssembliesLoaded (1ms)
			ExecutionOrderSort2 (0ms)
			AwakeInstancesAfterBackupRestoration (19ms)
Platform modules already initialized, skipping
Refreshing native plugins compatible for Editor in 8.03 ms, found 4 plugins.
Preloading 0 native plugins for Editor in 0.00 ms.
Unloading 4118 Unused Serialized files (Serialized files now loaded: 0)
Unloading 42 unused Assets / (191.2 KB). Loaded Objects now: 4585.
Memory consumption went from 153.0 MB to 152.8 MB.
Total: 6.850300 ms (FindLiveObjects: 0.554200 ms CreateObjectMapping: 0.223100 ms MarkObjects: 5.805500 ms  DeleteObjects: 0.264900 ms)

AssetImportParameters requested are different than current active one (requested -> active):
  custom:video-decoder-ogg-theora: a1e56fd34408186e4bbccfd4996cb3dc -> 
  custom:container-muxer-webm: aa71ff27fc2769a1b78a27578f13a17b -> 
  custom:container-demuxer-webm: 4f35f7cbe854078d1ac9338744f61a02 -> 
  custom:video-encoder-webm-vp8: eb34c28f22e8b96e1ab97ce403110664 -> 
  custom:audio-encoder-webm-vorbis: bf7c407c2cedff20999df2af8eb42d56 -> 
  custom:framework-win-MediaFoundation: 216162199b28c13a410421893ffa2e32 -> 
  custom:container-demuxer-ogg: 62fdf1f143b41e24485cea50d1cbac27 -> 
  custom:video-decoder-webm-vp8: 9c59270c3fd7afecdb556c50c9e8de78 -> 
  custom:audio-decoder-ogg-vorbis: bf7c407c2cedff20999df2af8eb42d56 -> 
========================================================================
Received Prepare
Registering precompiled user dll's ...
Registered in 0.018923 seconds.
Begin MonoManager ReloadAssembly
Symbol file LoadedFromMemory doesn't match image C:\Users\Adria\Documents\GitHub\AdsPackage\AdsPackage\Library\PackageCache\com.unity.visualscripting@1.7.8\Editor\VisualScripting.Core\Dependencies\DotNetZip\Unity.VisualScripting.IonicZip.dll
Symbol file LoadedFromMemory doesn't match image C:\Users\Adria\Documents\GitHub\AdsPackage\AdsPackage\Library\PackageCache\com.unity.visualscripting@1.7.8\Editor\VisualScripting.Core\Dependencies\YamlDotNet\Unity.VisualScripting.YamlDotNet.dll
Native extension for WindowsStandalone target not found
Native extension for iOS target not found
Native extension for Android target not found
Refreshing native plugins compatible for Editor in 1.44 ms, found 4 plugins.
Preloading 0 native plugins for Editor in 0.00 ms.
Mono: successfully reloaded assembly
- Completed reload, in  2.514 seconds
Domain Reload Profiling:
	ReloadAssembly (2516ms)
		BeginReloadAssembly (290ms)
			ExecutionOrderSort (0ms)
			DisableScriptedObjects (23ms)
			BackupInstance (0ms)
			ReleaseScriptingObjects (0ms)
			CreateAndSetChildDomain (73ms)
		EndReloadAssembly (1960ms)
			LoadAssemblies (198ms)
			RebuildTransferFunctionScriptingTraits (0ms)
			SetupTypeCache (572ms)
			ReleaseScriptCaches (3ms)
			RebuildScriptCaches (135ms)
			SetupLoadedEditorAssemblies (924ms)
				LogAssemblyErrors (0ms)
				InitializePlatformSupportModulesInManaged (70ms)
				SetLoadedEditorAssemblies (1ms)
				RefreshPlugins (2ms)
				BeforeProcessingInitializeOnLoad (195ms)
				ProcessInitializeOnLoadAttributes (548ms)
				ProcessInitializeOnLoadMethodAttributes (97ms)
				AfterProcessingInitializeOnLoad (11ms)
				EditorAssembliesLoaded (0ms)
			ExecutionOrderSort2 (0ms)
			AwakeInstancesAfterBackupRestoration (16ms)
Platform modules already initialized, skipping
Refreshing native plugins compatible for Editor in 6.63 ms, found 4 plugins.
Preloading 0 native plugins for Editor in 0.00 ms.
Unloading 4107 Unused Serialized files (Serialized files now loaded: 0)
Unloading 41 unused Assets / (191.1 KB). Loaded Objects now: 4588.
Memory consumption went from 152.7 MB to 152.6 MB.
Total: 6.468300 ms (FindLiveObjects: 0.462300 ms CreateObjectMapping: 0.231400 ms MarkObjects: 5.500100 ms  DeleteObjects: 0.272600 ms)

AssetImportParameters requested are different than current active one (requested -> active):
  custom:video-decoder-ogg-theora: a1e56fd34408186e4bbccfd4996cb3dc -> 
  custom:container-muxer-webm: aa71ff27fc2769a1b78a27578f13a17b -> 
  custom:container-demuxer-webm: 4f35f7cbe854078d1ac9338744f61a02 -> 
  custom:video-encoder-webm-vp8: eb34c28f22e8b96e1ab97ce403110664 -> 
  custom:audio-encoder-webm-vorbis: bf7c407c2cedff20999df2af8eb42d56 -> 
  custom:framework-win-MediaFoundation: 216162199b28c13a410421893ffa2e32 -> 
  custom:container-demuxer-ogg: 62fdf1f143b41e24485cea50d1cbac27 -> 
  custom:video-decoder-webm-vp8: 9c59270c3fd7afecdb556c50c9e8de78 -> 
  custom:audio-decoder-ogg-vorbis: bf7c407c2cedff20999df2af8eb42d56 -> 
========================================================================
Received Import Request.
  Time since last request: 650.242918 seconds.
  path: Assets/Runtime/Scripts
  artifactKey: Guid(8413a423e8d1d4c4aa264c715e6526a9) Importer(815301076,1909f56bfc062723c751e8b465ee728b)
Start importing Assets/Runtime/Scripts using Guid(8413a423e8d1d4c4aa264c715e6526a9) Importer(815301076,1909f56bfc062723c751e8b465ee728b)  -> (artifact id: 'fbc9036168a2909f0c5641cab4b545c8') in 0.027844 seconds 
========================================================================
Received Import Request.
  Time since last request: 32.800991 seconds.
  path: Assets/Runtime/Scripts/AdsManager.cs
  artifactKey: Guid(660a45ab2fa4e0340838cb7a580400da) Importer(815301076,1909f56bfc062723c751e8b465ee728b)
Start importing Assets/Runtime/Scripts/AdsManager.cs using Guid(660a45ab2fa4e0340838cb7a580400da) Importer(815301076,1909f56bfc062723c751e8b465ee728b)  -> (artifact id: '22e9b2b0b8145289add9183dc51a38c8') in 0.012946 seconds 
========================================================================
Received Prepare
Registering precompiled user dll's ...
Registered in 0.017218 seconds.
Begin MonoManager ReloadAssembly
Symbol file LoadedFromMemory doesn't match image C:\Users\Adria\Documents\GitHub\AdsPackage\AdsPackage\Library\PackageCache\com.unity.visualscripting@1.7.8\Editor\VisualScripting.Core\Dependencies\DotNetZip\Unity.VisualScripting.IonicZip.dll
Symbol file LoadedFromMemory doesn't match image C:\Users\Adria\Documents\GitHub\AdsPackage\AdsPackage\Library\PackageCache\com.unity.visualscripting@1.7.8\Editor\VisualScripting.Core\Dependencies\YamlDotNet\Unity.VisualScripting.YamlDotNet.dll
Native extension for WindowsStandalone target not found
Native extension for iOS target not found
Native extension for Android target not found
Refreshing native plugins compatible for Editor in 1.28 ms, found 4 plugins.
Preloading 0 native plugins for Editor in 0.00 ms.
Mono: successfully reloaded assembly
- Completed reload, in  2.493 seconds
Domain Reload Profiling:
	ReloadAssembly (2494ms)
		BeginReloadAssembly (278ms)
			ExecutionOrderSort (0ms)
			DisableScriptedObjects (18ms)
			BackupInstance (0ms)
			ReleaseScriptingObjects (0ms)
			CreateAndSetChildDomain (79ms)
		EndReloadAssembly (1972ms)
			LoadAssemblies (189ms)
			RebuildTransferFunctionScriptingTraits (0ms)
			SetupTypeCache (530ms)
			ReleaseScriptCaches (2ms)
			RebuildScriptCaches (131ms)
			SetupLoadedEditorAssemblies (998ms)
				LogAssemblyErrors (0ms)
				InitializePlatformSupportModulesInManaged (70ms)
				SetLoadedEditorAssemblies (1ms)
				RefreshPlugins (1ms)
				BeforeProcessingInitializeOnLoad (219ms)
				ProcessInitializeOnLoadAttributes (597ms)
				ProcessInitializeOnLoadMethodAttributes (96ms)
				AfterProcessingInitializeOnLoad (14ms)
				EditorAssembliesLoaded (0ms)
			ExecutionOrderSort2 (0ms)
			AwakeInstancesAfterBackupRestoration (17ms)
Platform modules already initialized, skipping
Refreshing native plugins compatible for Editor in 7.21 ms, found 4 plugins.
Preloading 0 native plugins for Editor in 0.00 ms.
Unloading 4108 Unused Serialized files (Serialized files now loaded: 0)
Unloading 41 unused Assets / (191.1 KB). Loaded Objects now: 4592.
Memory consumption went from 152.8 MB to 152.6 MB.
Total: 6.120600 ms (FindLiveObjects: 0.456300 ms CreateObjectMapping: 0.221800 ms MarkObjects: 5.177200 ms  DeleteObjects: 0.263000 ms)

AssetImportParameters requested are different than current active one (requested -> active):
  custom:video-decoder-ogg-theora: a1e56fd34408186e4bbccfd4996cb3dc -> 
  custom:container-muxer-webm: aa71ff27fc2769a1b78a27578f13a17b -> 
  custom:container-demuxer-webm: 4f35f7cbe854078d1ac9338744f61a02 -> 
  custom:video-encoder-webm-vp8: eb34c28f22e8b96e1ab97ce403110664 -> 
  custom:audio-encoder-webm-vorbis: bf7c407c2cedff20999df2af8eb42d56 -> 
  custom:framework-win-MediaFoundation: 216162199b28c13a410421893ffa2e32 -> 
  custom:container-demuxer-ogg: 62fdf1f143b41e24485cea50d1cbac27 -> 
  custom:video-decoder-webm-vp8: 9c59270c3fd7afecdb556c50c9e8de78 -> 
  custom:audio-decoder-ogg-vorbis: bf7c407c2cedff20999df2af8eb42d56 -> 
